[21:04:17] [main/INFO]: Environment: authHost='https://authserver.mojang.com', accountsHost='https://api.mojang.com', sessionHost='https://sessionserver.mojang.com', servicesHost='https://api.minecraftservices.com', name='PROD'
[21:04:18] [main/WARN]: Ambiguity between arguments [teleport, destination] and [teleport, targets] with inputs: [Player, 0123, @e, dd12be42-52a9-4a91-a8a1-11c01849e498]
[21:04:18] [main/WARN]: Ambiguity between arguments [teleport, location] and [teleport, destination] with inputs: [0.1 -0.5 .9, 0 0 0]
[21:04:18] [main/WARN]: Ambiguity between arguments [teleport, location] and [teleport, targets] with inputs: [0.1 -0.5 .9, 0 0 0]
[21:04:18] [main/WARN]: Ambiguity between arguments [teleport, targets] and [teleport, destination] with inputs: [Player, 0123, dd12be42-52a9-4a91-a8a1-11c01849e498]
[21:04:18] [main/WARN]: Ambiguity between arguments [teleport, targets, location] and [teleport, targets, destination] with inputs: [0.1 -0.5 .9, 0 0 0]
[21:04:18] [main/INFO]: Reloading ResourceManager: Default
[21:04:19] [Worker-Main-11/INFO]: Loaded 7 recipes
[21:04:20] [Worker-Main-11/INFO]: Loaded 927 advancements
[21:04:21] [Server thread/INFO]: Starting minecraft server version 1.16.5
[21:04:21] [Server thread/INFO]: Loading properties
[21:04:21] [Server thread/INFO]: Default game type: SURVIVAL
[21:04:21] [Server thread/INFO]: Generating keypair
[21:04:21] [Server thread/INFO]: Starting Minecraft server on *:25555
[21:04:21] [Server thread/INFO]: Using default channel type
[21:04:22] [Server thread/INFO]: Preparing level "world"
[21:04:22] [Server thread/INFO]: Preparing start region for dimension minecraft:overworld
[21:04:24] [Server thread/INFO]: Preparing spawn area: 0%
[21:04:24] [Server thread/INFO]: Preparing spawn area: 0%
[21:04:24] [Server thread/INFO]: Preparing spawn area: 0%
[21:04:24] [Server thread/INFO]: Preparing spawn area: 0%
[21:04:24] [Server thread/INFO]: Preparing spawn area: 0%
[21:04:28] [Worker-Main-12/INFO]: Preparing spawn area: 83%
[21:04:28] [Worker-Main-12/INFO]: Preparing spawn area: 83%
[21:04:28] [Worker-Main-12/INFO]: Preparing spawn area: 83%
[21:04:28] [Worker-Main-12/INFO]: Preparing spawn area: 83%
[21:04:28] [Worker-Main-12/INFO]: Preparing spawn area: 83%
[21:04:28] [Worker-Main-12/INFO]: Preparing spawn area: 83%
[21:04:28] [Worker-Main-13/INFO]: Preparing spawn area: 83%
[21:04:28] [Worker-Main-8/INFO]: Preparing spawn area: 83%
[21:04:29] [Worker-Main-11/INFO]: Preparing spawn area: 83%
[21:04:29] [Worker-Main-11/INFO]: Preparing spawn area: 83%
[21:04:30] [Worker-Main-11/INFO]: Preparing spawn area: 83%
[21:04:30] [Worker-Main-11/INFO]: Preparing spawn area: 83%
[21:04:31] [Worker-Main-14/INFO]: Preparing spawn area: 83%
[21:04:31] [Worker-Main-8/INFO]: Preparing spawn area: 84%
[21:04:32] [Server thread/INFO]: Preparing spawn area: 87%
[21:04:33] [Server thread/INFO]: Preparing spawn area: 96%
[21:04:33] [Server thread/INFO]: Time elapsed: 10173 ms
[21:04:33] [Server thread/INFO]: Done (10.269s)! For help, type "help"
